<?xml version="1.0" encoding="UTF-8"?>
<!-- Generated by org.testng.reporters.JUnitXMLReporter -->
<testsuite hostname="DESKTOP-FK4VN66" ignored="0" name="Default test" tests="3" failures="0" timestamp="11 jun 2018 16:05:45 GMT" time="12.827" errors="0">
  <testcase name="testcase1" time="4.873" classname="testcases.TC_002"/>
  <testcase name="testcase1" time="3.962" classname="testcases.TC_001"/>
  <testcase name="testcase1" time="3.964" classname="testcases.TC_003"/>
</testsuite> <!-- Default test -->
