<?xml version="1.0" encoding="UTF-8"?>
<testng-results skipped="0" failed="0" ignored="0" total="3" passed="3">
  <reporter-output>
  </reporter-output>
  <suite name="Default suite" duration-ms="12827" started-at="2018-06-11T16:05:32Z" finished-at="2018-06-11T16:05:45Z">
    <groups>
    </groups>
    <test name="Default test" duration-ms="12827" started-at="2018-06-11T16:05:32Z" finished-at="2018-06-11T16:05:45Z">
      <class name="testcases.TC_002">
        <test-method status="PASS" signature="testcase1()[pri:0, instance:testcases.TC_002@46d56d67]" name="testcase1" duration-ms="4873" started-at="2018-06-11T16:05:32Z" finished-at="2018-06-11T16:05:37Z">
          <reporter-output>
          </reporter-output>
        </test-method> <!-- testcase1 -->
      </class> <!-- testcases.TC_002 -->
      <class name="testcases.TC_001">
        <test-method status="PASS" signature="testcase1()[pri:0, instance:testcases.TC_001@d8355a8]" name="testcase1" duration-ms="3962" started-at="2018-06-11T16:05:37Z" finished-at="2018-06-11T16:05:41Z">
          <reporter-output>
          </reporter-output>
        </test-method> <!-- testcase1 -->
      </class> <!-- testcases.TC_001 -->
      <class name="testcases.TC_003">
        <test-method status="PASS" signature="testcase1()[pri:0, instance:testcases.TC_003@59fa1d9b]" name="testcase1" duration-ms="3964" started-at="2018-06-11T16:05:41Z" finished-at="2018-06-11T16:05:45Z">
          <reporter-output>
          </reporter-output>
        </test-method> <!-- testcase1 -->
      </class> <!-- testcases.TC_003 -->
    </test> <!-- Default test -->
  </suite> <!-- Default suite -->
</testng-results>
